{"message":"App - SignIn Query error\n: {\"message\":\"Table 'makeus.UserInfo' doesn't exist\",\"code\":\"ER_NO_SUCH_TABLE\",\"errno\":1146,\"sqlState\":\"42S02\",\"sqlMessage\":\"Table 'makeus.UserInfo' doesn't exist\"}","level":"error","timestamp":"2020-08-15 05:09:36"}
{"message":"App - SignIn Query error\n: {\"message\":\"Table 'makeus.UserInfo' doesn't exist\",\"code\":\"ER_NO_SUCH_TABLE\",\"errno\":1146,\"sqlState\":\"42S02\",\"sqlMessage\":\"Table 'makeus.UserInfo' doesn't exist\"}","level":"error","timestamp":"2020-08-15 05:12:28"}
{"message":"App - SignIn Query error\n: {\"message\":\"Table 'makeus.UserInfo' doesn't exist\",\"code\":\"ER_NO_SUCH_TABLE\",\"errno\":1146,\"sqlState\":\"42S02\",\"sqlMessage\":\"Table 'makeus.UserInfo' doesn't exist\"}","level":"error","timestamp":"2020-08-15 05:21:33"}
{"message":"App - SignIn Query error\n: {\"message\":\"Table 'makeus.UserInfo' doesn't exist\",\"code\":\"ER_NO_SUCH_TABLE\",\"errno\":1146,\"sqlState\":\"42S02\",\"sqlMessage\":\"Table 'makeus.UserInfo' doesn't exist\"}","level":"error","timestamp":"2020-08-15 05:21:59"}
{"message":"App - SignIn Query error\n: {\"message\":\"Table 'makeus.UserInfo' doesn't exist\",\"code\":\"ER_NO_SUCH_TABLE\",\"errno\":1146,\"sqlState\":\"42S02\",\"sqlMessage\":\"Table 'makeus.UserInfo' doesn't exist\"}","level":"error","timestamp":"2020-08-15 05:22:07"}
{"message":"App - SignIn Query error\n: {\"message\":\"Table 'makeus.UserInfo' doesn't exist\",\"code\":\"ER_NO_SUCH_TABLE\",\"errno\":1146,\"sqlState\":\"42S02\",\"sqlMessage\":\"Table 'makeus.UserInfo' doesn't exist\"}","level":"error","timestamp":"2020-08-15 05:22:18"}
{"message":"App - SignIn Query error\n: {\"message\":\"Table 'makeus.UserInfo' doesn't exist\",\"code\":\"ER_NO_SUCH_TABLE\",\"errno\":1146,\"sqlState\":\"42S02\",\"sqlMessage\":\"Table 'makeus.UserInfo' doesn't exist\"}","level":"error","timestamp":"2020-08-15 05:22:37"}
{"message":"undefined - API Server Start At Port 3002","level":"info","timestamp":"2020-08-15 05:25:50"}
{"message":"App - SignIn Query error\n: {}","level":"error","timestamp":"2020-08-15 05:25:54"}
{"message":"App - SignIn Query error\n: {}","level":"error","timestamp":"2020-08-15 05:26:16"}
{"message":"App - SignIn Query error\n: {}","level":"error","timestamp":"2020-08-15 05:34:22"}
{"message":"App - SignIn Query error\n: {}","level":"error","timestamp":"2020-08-15 05:34:45"}
{"message":"App - SignIn Query error\n: {}","level":"error","timestamp":"2020-08-15 05:36:30"}
{"message":"undefined - API Server Start At Port 3002","level":"info","timestamp":"2020-08-15 05:37:14"}
{"message":"App - SignIn Query error\n: {}","level":"error","timestamp":"2020-08-15 05:37:17"}
{"message":"App - SignIn Query error\n: {}","level":"error","timestamp":"2020-08-15 05:48:50"}
{"message":"undefined - API Server Start At Port 3002","level":"info","timestamp":"2020-08-15 05:49:02"}
{"message":"undefined - API Server Start At Port 3002","level":"info","timestamp":"2020-08-15 13:04:55"}
{"message":"undefined - API Server Start At Port 3002","level":"info","timestamp":"2020-08-15 13:05:41"}
{"message":"undefined - API Server Start At Port 3002","level":"info","timestamp":"2020-08-15 13:08:46"}
{"message":"undefined - API Server Start At Port 3002","level":"info","timestamp":"2020-08-15 13:10:25"}
{"message":"undefined - API Server Start At Port 3002","level":"info","timestamp":"2020-08-15 13:12:48"}
{"message":"undefined - API Server Start At Port 3002","level":"info","timestamp":"2020-08-15 13:13:48"}
{"message":"undefined - API Server Start At Port 3002","level":"info","timestamp":"2020-08-15 13:15:00"}
{"message":"undefined - API Server Start At Port 3002","level":"info","timestamp":"2020-08-15 13:21:01"}
{"message":"undefined - API Server Start At Port 3002","level":"info","timestamp":"2020-08-15 13:36:24"}
{"message":"undefined - API Server Start At Port 3002","level":"info","timestamp":"2020-08-15 13:37:14"}
{"message":"undefined - API Server Start At Port 3002","level":"info","timestamp":"2020-08-15 13:38:08"}
{"message":"undefined - API Server Start At Port 3002","level":"info","timestamp":"2020-08-15 13:39:21"}
{"message":"undefined - API Server Start At Port 3002","level":"info","timestamp":"2020-08-15 13:40:23"}
{"message":"undefined - API Server Start At Port 3002","level":"info","timestamp":"2020-08-15 13:41:39"}
{"message":"undefined - API Server Start At Port 3002","level":"info","timestamp":"2020-08-15 13:42:34"}
{"message":"undefined - API Server Start At Port 3002","level":"info","timestamp":"2020-08-15 13:42:58"}
{"message":"undefined - API Server Start At Port 3002","level":"info","timestamp":"2020-08-15 13:50:13"}
{"message":"undefined - API Server Start At Port 3002","level":"info","timestamp":"2020-08-15 13:55:43"}
{"message":"undefined - API Server Start At Port 3002","level":"info","timestamp":"2020-08-15 13:56:49"}
{"message":"undefined - API Server Start At Port 3002","level":"info","timestamp":"2020-08-15 13:57:10"}
{"message":"undefined - API Server Start At Port 3002","level":"info","timestamp":"2020-08-15 13:57:25"}
{"message":"undefined - API Server Start At Port 3002","level":"info","timestamp":"2020-08-15 16:03:35"}
{"message":"undefined - API Server Start At Port 3002","level":"info","timestamp":"2020-08-15 16:23:11"}
{"message":"undefined - API Server Start At Port 3002","level":"info","timestamp":"2020-08-15 16:23:48"}
{"message":"undefined - API Server Start At Port 3002","level":"info","timestamp":"2020-08-15 16:24:38"}
{"message":"App - getUser DB Connection error\n: {\"message\":\"You have an error in your SQL syntax; check the manual that corresponds to your MySQL server version for the right syntax to use near '?' at line 3\",\"code\":\"ER_PARSE_ERROR\",\"errno\":1064,\"sqlState\":\"42000\",\"sqlMessage\":\"You have an error in your SQL syntax; check the manual that corresponds to your MySQL server version for the right syntax to use near '?' at line 3\"}","level":"error","timestamp":"2020-08-15 16:24:41"}
{"message":"App - getUser DB Connection error\n: {\"message\":\"You have an error in your SQL syntax; check the manual that corresponds to your MySQL server version for the right syntax to use near '?' at line 3\",\"code\":\"ER_PARSE_ERROR\",\"errno\":1064,\"sqlState\":\"42000\",\"sqlMessage\":\"You have an error in your SQL syntax; check the manual that corresponds to your MySQL server version for the right syntax to use near '?' at line 3\"}","level":"error","timestamp":"2020-08-15 16:25:18"}
{"message":"undefined - API Server Start At Port 3002","level":"info","timestamp":"2020-08-15 16:25:43"}
{"message":"undefined - API Server Start At Port 3002","level":"info","timestamp":"2020-08-15 16:26:41"}
{"message":"undefined - API Server Start At Port 3002","level":"info","timestamp":"2020-08-15 16:27:02"}
{"message":"undefined - API Server Start At Port 3002","level":"info","timestamp":"2020-08-15 16:27:24"}
{"message":"undefined - API Server Start At Port 3002","level":"info","timestamp":"2020-08-15 16:27:42"}
{"message":"undefined - API Server Start At Port 3002","level":"info","timestamp":"2020-08-15 17:05:02"}
{"message":"undefined - API Server Start At Port 3002","level":"info","timestamp":"2020-08-15 17:05:22"}
{"message":"undefined - API Server Start At Port 3002","level":"info","timestamp":"2020-08-15 17:06:50"}
{"message":"undefined - API Server Start At Port 3002","level":"info","timestamp":"2020-08-15 17:07:32"}
{"message":"undefined - API Server Start At Port 3002","level":"info","timestamp":"2020-08-15 17:16:07"}
{"message":"undefined - API Server Start At Port 3002","level":"info","timestamp":"2020-08-15 17:16:44"}
{"message":"undefined - API Server Start At Port 3002","level":"info","timestamp":"2020-08-15 17:17:02"}
{"message":"undefined - API Server Start At Port 3002","level":"info","timestamp":"2020-08-15 17:17:17"}
{"message":"example non transaction Query error\n: {\"message\":\"Table 'makeus.UserInfo' doesn't exist\",\"code\":\"ER_NO_SUCH_TABLE\",\"errno\":1146,\"sqlState\":\"42S02\",\"sqlMessage\":\"Table 'makeus.UserInfo' doesn't exist\"}","level":"error","timestamp":"2020-08-15 17:43:25"}
{"message":"example non transaction Query error\n: {\"message\":\"Table 'makeus.UserInfo' doesn't exist\",\"code\":\"ER_NO_SUCH_TABLE\",\"errno\":1146,\"sqlState\":\"42S02\",\"sqlMessage\":\"Table 'makeus.UserInfo' doesn't exist\"}","level":"error","timestamp":"2020-08-15 17:44:00"}
{"message":"undefined - API Server Start At Port 3002","level":"info","timestamp":"2020-08-15 17:44:24"}
